$ rollup --config
[36m
[1msrc/index.ts[22m â†’ [1mdist/umd/index.development.js[22m...[39m
â”Œâ”€â”€â”€â”€â”€â”€â”€â”€â”€â”€â”€â”€â”€â”€â”€â”€â”€â”€â”€â”€â”€â”€â”€â”€â”€â”€â”€â”€â”€â”€â”€â”€â”€â”€â”€â”€â”€â”€â”€â”€â”€â”€â”€â”€â”€â”€â”€â”€â”
â”‚                                                â”‚
â”‚   [32m[1mDestination: [22m[39m[33mdist/umd/index.development.js[39m   â”‚
â”‚   [32m[1mBundle Size: [22m[39m [33m85.51 KB[39m                       â”‚
â”‚   [32m[1mGzipped Size: [22m[39m [33m4.42 KB[39m                       â”‚
â”‚                                                â”‚
â””â”€â”€â”€â”€â”€â”€â”€â”€â”€â”€â”€â”€â”€â”€â”€â”€â”€â”€â”€â”€â”€â”€â”€â”€â”€â”€â”€â”€â”€â”€â”€â”€â”€â”€â”€â”€â”€â”€â”€â”€â”€â”€â”€â”€â”€â”€â”€â”€â”˜
[1m[33m(!) Circular dependencies[39m[22m
../core/dist/esm/utils/index.js -> ../core/dist/esm/utils/isEven.js -> ../core/dist/esm/utils/index.js
../core/dist/esm/utils/index.js -> ../core/dist/esm/utils/isHalf.js -> ../core/dist/esm/utils/index.js
../core/dist/esm/divide/index.js -> ../core/dist/esm/divide/halfAwayFromZero.js -> ../core/dist/esm/divide/index.js
...and 5 more
[32mcreated [1mdist/umd/index.development.js[22m in [1m2.8s[22m[39m
[36m
[1msrc/index.ts[22m â†’ [1mdist/umd/index.production.js[22m...[39m
â”Œâ”€â”€â”€â”€â”€â”€â”€â”€â”€â”€â”€â”€â”€â”€â”€â”€â”€â”€â”€â”€â”€â”€â”€â”€â”€â”€â”€â”€â”€â”€â”€â”€â”€â”€â”€â”€â”€â”€â”€â”€â”€â”€â”€â”€â”€â”€â”€â”
â”‚                                               â”‚
â”‚   [32m[1mDestination: [22m[39m[33mdist/umd/index.production.js[39m   â”‚
â”‚   [32m[1mBundle Size: [22m[39m [33m29.18 KB[39m                      â”‚
â”‚   [32m[1mGzipped Size: [22m[39m [33m4.39 KB[39m                      â”‚
â”‚                                               â”‚
â””â”€â”€â”€â”€â”€â”€â”€â”€â”€â”€â”€â”€â”€â”€â”€â”€â”€â”€â”€â”€â”€â”€â”€â”€â”€â”€â”€â”€â”€â”€â”€â”€â”€â”€â”€â”€â”€â”€â”€â”€â”€â”€â”€â”€â”€â”€â”€â”˜
[1m[33m(!) Circular dependencies[39m[22m
../core/dist/esm/utils/index.js -> ../core/dist/esm/utils/isEven.js -> ../core/dist/esm/utils/index.js
../core/dist/esm/utils/index.js -> ../core/dist/esm/utils/isHalf.js -> ../core/dist/esm/utils/index.js
../core/dist/esm/divide/index.js -> ../core/dist/esm/divide/halfAwayFromZero.js -> ../core/dist/esm/divide/index.js
...and 5 more
[32mcreated [1mdist/umd/index.production.js[22m in [1m2.2s[22m[39m
[36m
[1m../../scripts/rollup/cjs.js[22m â†’ [1mdist/cjs/index.js[22m...[39m
â”Œâ”€â”€â”€â”€â”€â”€â”€â”€â”€â”€â”€â”€â”€â”€â”€â”€â”€â”€â”€â”€â”€â”€â”€â”€â”€â”€â”€â”€â”€â”€â”€â”€â”€â”€â”€â”€â”
â”‚                                    â”‚
â”‚   [32m[1mDestination: [22m[39m[33mdist/cjs/index.js[39m   â”‚
â”‚   [32m[1mBundle Size: [22m[39m [33m281 B[39m              â”‚
â”‚   [32m[1mGzipped Size: [22m[39m [33m121 B[39m             â”‚
â”‚                                    â”‚
â””â”€â”€â”€â”€â”€â”€â”€â”€â”€â”€â”€â”€â”€â”€â”€â”€â”€â”€â”€â”€â”€â”€â”€â”€â”€â”€â”€â”€â”€â”€â”€â”€â”€â”€â”€â”€â”˜
[32mcreated [1mdist/cjs/index.js[22m in [1m17ms[22m[39m
[36m
[1msrc/index.ts[22m â†’ [1mdist/cjs/index.development.js[22m...[39m
â”Œâ”€â”€â”€â”€â”€â”€â”€â”€â”€â”€â”€â”€â”€â”€â”€â”€â”€â”€â”€â”€â”€â”€â”€â”€â”€â”€â”€â”€â”€â”€â”€â”€â”€â”€â”€â”€â”€â”€â”€â”€â”€â”€â”€â”€â”€â”€â”€â”€â”
â”‚                                                â”‚
â”‚   [32m[1mDestination: [22m[39m[33mdist/cjs/index.development.js[39m   â”‚
â”‚   [32m[1mBundle Size: [22m[39m [33m80.39 KB[39m                       â”‚
â”‚   [32m[1mGzipped Size: [22m[39m [33m5.47 KB[39m                       â”‚
â”‚                                                â”‚
â””â”€â”€â”€â”€â”€â”€â”€â”€â”€â”€â”€â”€â”€â”€â”€â”€â”€â”€â”€â”€â”€â”€â”€â”€â”€â”€â”€â”€â”€â”€â”€â”€â”€â”€â”€â”€â”€â”€â”€â”€â”€â”€â”€â”€â”€â”€â”€â”€â”˜
[1m[33m(!) Circular dependencies[39m[22m
../core/dist/esm/utils/index.js -> ../core/dist/esm/utils/isEven.js -> ../core/dist/esm/utils/index.js
../core/dist/esm/utils/index.js -> ../core/dist/esm/utils/isHalf.js -> ../core/dist/esm/utils/index.js
../core/dist/esm/divide/index.js -> ../core/dist/esm/divide/halfAwayFromZero.js -> ../core/dist/esm/divide/index.js
...and 5 more
[32mcreated [1mdist/cjs/index.development.js[22m in [1m1.3s[22m[39m
[36m
[1m../../scripts/rollup/cjs.js[22m â†’ [1mdist/cjs/index.js[22m...[39m
â”Œâ”€â”€â”€â”€â”€â”€â”€â”€â”€â”€â”€â”€â”€â”€â”€â”€â”€â”€â”€â”€â”€â”€â”€â”€â”€â”€â”€â”€â”€â”€â”€â”€â”€â”€â”€â”€â”
â”‚                                    â”‚
â”‚   [32m[1mDestination: [22m[39m[33mdist/cjs/index.js[39m   â”‚
â”‚   [32m[1mBundle Size: [22m[39m [33m281 B[39m              â”‚
â”‚   [32m[1mGzipped Size: [22m[39m [33m121 B[39m             â”‚
â”‚                                    â”‚
â””â”€â”€â”€â”€â”€â”€â”€â”€â”€â”€â”€â”€â”€â”€â”€â”€â”€â”€â”€â”€â”€â”€â”€â”€â”€â”€â”€â”€â”€â”€â”€â”€â”€â”€â”€â”€â”˜
[32mcreated [1mdist/cjs/index.js[22m in [1m25ms[22m[39m
[36m
[1msrc/index.ts[22m â†’ [1mdist/cjs/index.production.js[22m...[39m
â”Œâ”€â”€â”€â”€â”€â”€â”€â”€â”€â”€â”€â”€â”€â”€â”€â”€â”€â”€â”€â”€â”€â”€â”€â”€â”€â”€â”€â”€â”€â”€â”€â”€â”€â”€â”€â”€â”€â”€â”€â”€â”€â”€â”€â”€â”€â”€â”€â”
â”‚                                               â”‚
â”‚   [32m[1mDestination: [22m[39m[33mdist/cjs/index.production.js[39m   â”‚
â”‚   [32m[1mBundle Size: [22m[39m [33m29.14 KB[39m                      â”‚
â”‚   [32m[1mGzipped Size: [22m[39m [33m4.36 KB[39m                      â”‚
â”‚                                               â”‚
â””â”€â”€â”€â”€â”€â”€â”€â”€â”€â”€â”€â”€â”€â”€â”€â”€â”€â”€â”€â”€â”€â”€â”€â”€â”€â”€â”€â”€â”€â”€â”€â”€â”€â”€â”€â”€â”€â”€â”€â”€â”€â”€â”€â”€â”€â”€â”€â”˜
[1m[33m(!) Circular dependencies[39m[22m
../core/dist/esm/utils/index.js -> ../core/dist/esm/utils/isEven.js -> ../core/dist/esm/utils/index.js
../core/dist/esm/utils/index.js -> ../core/dist/esm/utils/isHalf.js -> ../core/dist/esm/utils/index.js
../core/dist/esm/divide/index.js -> ../core/dist/esm/divide/halfAwayFromZero.js -> ../core/dist/esm/divide/index.js
...and 5 more
[32mcreated [1mdist/cjs/index.production.js[22m in [1m1.4s[22m[39m
