$ rollup --config
[36m
[1msrc/index.ts[22m â†’ [1mdist/umd/index.development.js[22m...[39m
â”Œâ”€â”€â”€â”€â”€â”€â”€â”€â”€â”€â”€â”€â”€â”€â”€â”€â”€â”€â”€â”€â”€â”€â”€â”€â”€â”€â”€â”€â”€â”€â”€â”€â”€â”€â”€â”€â”€â”€â”€â”€â”€â”€â”€â”€â”€â”€â”€â”€â”
â”‚                                                â”‚
â”‚   [32m[1mDestination: [22m[39m[33mdist/umd/index.development.js[39m   â”‚
â”‚   [32m[1mBundle Size: [22m[39m [33m20.46 KB[39m                       â”‚
â”‚   [32m[1mGzipped Size: [22m[39m [33m1.32 KB[39m                       â”‚
â”‚                                                â”‚
â””â”€â”€â”€â”€â”€â”€â”€â”€â”€â”€â”€â”€â”€â”€â”€â”€â”€â”€â”€â”€â”€â”€â”€â”€â”€â”€â”€â”€â”€â”€â”€â”€â”€â”€â”€â”€â”€â”€â”€â”€â”€â”€â”€â”€â”€â”€â”€â”€â”˜
[32mcreated [1mdist/umd/index.development.js[22m in [1m3s[22m[39m
[36m
[1msrc/index.ts[22m â†’ [1mdist/umd/index.production.js[22m...[39m
â”Œâ”€â”€â”€â”€â”€â”€â”€â”€â”€â”€â”€â”€â”€â”€â”€â”€â”€â”€â”€â”€â”€â”€â”€â”€â”€â”€â”€â”€â”€â”€â”€â”€â”€â”€â”€â”€â”€â”€â”€â”€â”€â”€â”€â”€â”€â”€â”€â”
â”‚                                               â”‚
â”‚   [32m[1mDestination: [22m[39m[33mdist/umd/index.production.js[39m   â”‚
â”‚   [32m[1mBundle Size: [22m[39m [33m6.59 KB[39m                       â”‚
â”‚   [32m[1mGzipped Size: [22m[39m [33m1.32 KB[39m                      â”‚
â”‚                                               â”‚
â””â”€â”€â”€â”€â”€â”€â”€â”€â”€â”€â”€â”€â”€â”€â”€â”€â”€â”€â”€â”€â”€â”€â”€â”€â”€â”€â”€â”€â”€â”€â”€â”€â”€â”€â”€â”€â”€â”€â”€â”€â”€â”€â”€â”€â”€â”€â”€â”˜
[32mcreated [1mdist/umd/index.production.js[22m in [1m1.7s[22m[39m
[36m
[1m../../scripts/rollup/cjs.js[22m â†’ [1mdist/cjs/index.js[22m...[39m
â”Œâ”€â”€â”€â”€â”€â”€â”€â”€â”€â”€â”€â”€â”€â”€â”€â”€â”€â”€â”€â”€â”€â”€â”€â”€â”€â”€â”€â”€â”€â”€â”€â”€â”€â”€â”€â”€â”
â”‚                                    â”‚
â”‚   [32m[1mDestination: [22m[39m[33mdist/cjs/index.js[39m   â”‚
â”‚   [32m[1mBundle Size: [22m[39m [33m281 B[39m              â”‚
â”‚   [32m[1mGzipped Size: [22m[39m [33m121 B[39m             â”‚
â”‚                                    â”‚
â””â”€â”€â”€â”€â”€â”€â”€â”€â”€â”€â”€â”€â”€â”€â”€â”€â”€â”€â”€â”€â”€â”€â”€â”€â”€â”€â”€â”€â”€â”€â”€â”€â”€â”€â”€â”€â”˜
[32mcreated [1mdist/cjs/index.js[22m in [1m46ms[22m[39m
[36m
[1msrc/index.ts[22m â†’ [1mdist/cjs/index.development.js[22m...[39m
â”Œâ”€â”€â”€â”€â”€â”€â”€â”€â”€â”€â”€â”€â”€â”€â”€â”€â”€â”€â”€â”€â”€â”€â”€â”€â”€â”€â”€â”€â”€â”€â”€â”€â”€â”€â”€â”€â”€â”€â”€â”€â”€â”€â”€â”€â”€â”€â”€â”€â”
â”‚                                                â”‚
â”‚   [32m[1mDestination: [22m[39m[33mdist/cjs/index.development.js[39m   â”‚
â”‚   [32m[1mBundle Size: [22m[39m [33m17.2 KB[39m                        â”‚
â”‚   [32m[1mGzipped Size: [22m[39m [33m1.96 KB[39m                       â”‚
â”‚                                                â”‚
â””â”€â”€â”€â”€â”€â”€â”€â”€â”€â”€â”€â”€â”€â”€â”€â”€â”€â”€â”€â”€â”€â”€â”€â”€â”€â”€â”€â”€â”€â”€â”€â”€â”€â”€â”€â”€â”€â”€â”€â”€â”€â”€â”€â”€â”€â”€â”€â”€â”˜
[32mcreated [1mdist/cjs/index.development.js[22m in [1m1.3s[22m[39m
[36m
[1m../../scripts/rollup/cjs.js[22m â†’ [1mdist/cjs/index.js[22m...[39m
â”Œâ”€â”€â”€â”€â”€â”€â”€â”€â”€â”€â”€â”€â”€â”€â”€â”€â”€â”€â”€â”€â”€â”€â”€â”€â”€â”€â”€â”€â”€â”€â”€â”€â”€â”€â”€â”€â”
â”‚                                    â”‚
â”‚   [32m[1mDestination: [22m[39m[33mdist/cjs/index.js[39m   â”‚
â”‚   [32m[1mBundle Size: [22m[39m [33m281 B[39m              â”‚
â”‚   [32m[1mGzipped Size: [22m[39m [33m121 B[39m             â”‚
â”‚                                    â”‚
â””â”€â”€â”€â”€â”€â”€â”€â”€â”€â”€â”€â”€â”€â”€â”€â”€â”€â”€â”€â”€â”€â”€â”€â”€â”€â”€â”€â”€â”€â”€â”€â”€â”€â”€â”€â”€â”˜
[32mcreated [1mdist/cjs/index.js[22m in [1m11ms[22m[39m
[36m
[1msrc/index.ts[22m â†’ [1mdist/cjs/index.production.js[22m...[39m
â”Œâ”€â”€â”€â”€â”€â”€â”€â”€â”€â”€â”€â”€â”€â”€â”€â”€â”€â”€â”€â”€â”€â”€â”€â”€â”€â”€â”€â”€â”€â”€â”€â”€â”€â”€â”€â”€â”€â”€â”€â”€â”€â”€â”€â”€â”€â”€â”€â”
â”‚                                               â”‚
â”‚   [32m[1mDestination: [22m[39m[33mdist/cjs/index.production.js[39m   â”‚
â”‚   [32m[1mBundle Size: [22m[39m [33m7.33 KB[39m                       â”‚
â”‚   [32m[1mGzipped Size: [22m[39m [33m1.21 KB[39m                      â”‚
â”‚                                               â”‚
â””â”€â”€â”€â”€â”€â”€â”€â”€â”€â”€â”€â”€â”€â”€â”€â”€â”€â”€â”€â”€â”€â”€â”€â”€â”€â”€â”€â”€â”€â”€â”€â”€â”€â”€â”€â”€â”€â”€â”€â”€â”€â”€â”€â”€â”€â”€â”€â”˜
[32mcreated [1mdist/cjs/index.production.js[22m in [1m1.2s[22m[39m
[36m
[1msrc/latest.ts[22m â†’ [1mdist/umd/latest.development.js[22m...[39m
â”Œâ”€â”€â”€â”€â”€â”€â”€â”€â”€â”€â”€â”€â”€â”€â”€â”€â”€â”€â”€â”€â”€â”€â”€â”€â”€â”€â”€â”€â”€â”€â”€â”€â”€â”€â”€â”€â”€â”€â”€â”€â”€â”€â”€â”€â”€â”€â”€â”€â”€â”
â”‚                                                 â”‚
â”‚   [32m[1mDestination: [22m[39m[33mdist/umd/latest.development.js[39m   â”‚
â”‚   [32m[1mBundle Size: [22m[39m [33m20.46 KB[39m                        â”‚
â”‚   [32m[1mGzipped Size: [22m[39m [33m1.32 KB[39m                        â”‚
â”‚                                                 â”‚
â””â”€â”€â”€â”€â”€â”€â”€â”€â”€â”€â”€â”€â”€â”€â”€â”€â”€â”€â”€â”€â”€â”€â”€â”€â”€â”€â”€â”€â”€â”€â”€â”€â”€â”€â”€â”€â”€â”€â”€â”€â”€â”€â”€â”€â”€â”€â”€â”€â”€â”˜
[32mcreated [1mdist/umd/latest.development.js[22m in [1m1s[22m[39m
[36m
[1msrc/latest.ts[22m â†’ [1mdist/umd/latest.production.js[22m...[39m
â”Œâ”€â”€â”€â”€â”€â”€â”€â”€â”€â”€â”€â”€â”€â”€â”€â”€â”€â”€â”€â”€â”€â”€â”€â”€â”€â”€â”€â”€â”€â”€â”€â”€â”€â”€â”€â”€â”€â”€â”€â”€â”€â”€â”€â”€â”€â”€â”€â”€â”
â”‚                                                â”‚
â”‚   [32m[1mDestination: [22m[39m[33mdist/umd/latest.production.js[39m   â”‚
â”‚   [32m[1mBundle Size: [22m[39m [33m6.59 KB[39m                        â”‚
â”‚   [32m[1mGzipped Size: [22m[39m [33m1.32 KB[39m                       â”‚
â”‚                                                â”‚
â””â”€â”€â”€â”€â”€â”€â”€â”€â”€â”€â”€â”€â”€â”€â”€â”€â”€â”€â”€â”€â”€â”€â”€â”€â”€â”€â”€â”€â”€â”€â”€â”€â”€â”€â”€â”€â”€â”€â”€â”€â”€â”€â”€â”€â”€â”€â”€â”€â”˜
[32mcreated [1mdist/umd/latest.production.js[22m in [1m1s[22m[39m
[36m
[1m../../scripts/rollup/cjs.js[22m â†’ [1mdist/cjs/latest.js[22m...[39m
â”Œâ”€â”€â”€â”€â”€â”€â”€â”€â”€â”€â”€â”€â”€â”€â”€â”€â”€â”€â”€â”€â”€â”€â”€â”€â”€â”€â”€â”€â”€â”€â”€â”€â”€â”€â”€â”€â”€â”
â”‚                                     â”‚
â”‚   [32m[1mDestination: [22m[39m[33mdist/cjs/latest.js[39m   â”‚
â”‚   [32m[1mBundle Size: [22m[39m [33m283 B[39m               â”‚
â”‚   [32m[1mGzipped Size: [22m[39m [33m122 B[39m              â”‚
â”‚                                     â”‚
â””â”€â”€â”€â”€â”€â”€â”€â”€â”€â”€â”€â”€â”€â”€â”€â”€â”€â”€â”€â”€â”€â”€â”€â”€â”€â”€â”€â”€â”€â”€â”€â”€â”€â”€â”€â”€â”€â”˜
[32mcreated [1mdist/cjs/latest.js[22m in [1m22ms[22m[39m
[36m
[1msrc/latest.ts[22m â†’ [1mdist/cjs/latest.development.js[22m...[39m
â”Œâ”€â”€â”€â”€â”€â”€â”€â”€â”€â”€â”€â”€â”€â”€â”€â”€â”€â”€â”€â”€â”€â”€â”€â”€â”€â”€â”€â”€â”€â”€â”€â”€â”€â”€â”€â”€â”€â”€â”€â”€â”€â”€â”€â”€â”€â”€â”€â”€â”€â”
â”‚                                                 â”‚
â”‚   [32m[1mDestination: [22m[39m[33mdist/cjs/latest.development.js[39m   â”‚
â”‚   [32m[1mBundle Size: [22m[39m [33m17.2 KB[39m                         â”‚
â”‚   [32m[1mGzipped Size: [22m[39m [33m1.96 KB[39m                        â”‚
â”‚                                                 â”‚
â””â”€â”€â”€â”€â”€â”€â”€â”€â”€â”€â”€â”€â”€â”€â”€â”€â”€â”€â”€â”€â”€â”€â”€â”€â”€â”€â”€â”€â”€â”€â”€â”€â”€â”€â”€â”€â”€â”€â”€â”€â”€â”€â”€â”€â”€â”€â”€â”€â”€â”˜
[32mcreated [1mdist/cjs/latest.development.js[22m in [1m905ms[22m[39m
[36m
[1m../../scripts/rollup/cjs.js[22m â†’ [1mdist/cjs/latest.js[22m...[39m
â”Œâ”€â”€â”€â”€â”€â”€â”€â”€â”€â”€â”€â”€â”€â”€â”€â”€â”€â”€â”€â”€â”€â”€â”€â”€â”€â”€â”€â”€â”€â”€â”€â”€â”€â”€â”€â”€â”€â”
â”‚                                     â”‚
â”‚   [32m[1mDestination: [22m[39m[33mdist/cjs/latest.js[39m   â”‚
â”‚   [32m[1mBundle Size: [22m[39m [33m283 B[39m               â”‚
â”‚   [32m[1mGzipped Size: [22m[39m [33m122 B[39m              â”‚
â”‚                                     â”‚
â””â”€â”€â”€â”€â”€â”€â”€â”€â”€â”€â”€â”€â”€â”€â”€â”€â”€â”€â”€â”€â”€â”€â”€â”€â”€â”€â”€â”€â”€â”€â”€â”€â”€â”€â”€â”€â”€â”˜
[32mcreated [1mdist/cjs/latest.js[22m in [1m10ms[22m[39m
[36m
[1msrc/latest.ts[22m â†’ [1mdist/cjs/latest.production.js[22m...[39m
â”Œâ”€â”€â”€â”€â”€â”€â”€â”€â”€â”€â”€â”€â”€â”€â”€â”€â”€â”€â”€â”€â”€â”€â”€â”€â”€â”€â”€â”€â”€â”€â”€â”€â”€â”€â”€â”€â”€â”€â”€â”€â”€â”€â”€â”€â”€â”€â”€â”€â”
â”‚                                                â”‚
â”‚   [32m[1mDestination: [22m[39m[33mdist/cjs/latest.production.js[39m   â”‚
â”‚   [32m[1mBundle Size: [22m[39m [33m7.33 KB[39m                        â”‚
â”‚   [32m[1mGzipped Size: [22m[39m [33m1.21 KB[39m                       â”‚
â”‚                                                â”‚
â””â”€â”€â”€â”€â”€â”€â”€â”€â”€â”€â”€â”€â”€â”€â”€â”€â”€â”€â”€â”€â”€â”€â”€â”€â”€â”€â”€â”€â”€â”€â”€â”€â”€â”€â”€â”€â”€â”€â”€â”€â”€â”€â”€â”€â”€â”€â”€â”€â”˜
[32mcreated [1mdist/cjs/latest.production.js[22m in [1m1s[22m[39m
[36m
[1msrc/168.ts[22m â†’ [1mdist/umd/168.development.js[22m...[39m
â”Œâ”€â”€â”€â”€â”€â”€â”€â”€â”€â”€â”€â”€â”€â”€â”€â”€â”€â”€â”€â”€â”€â”€â”€â”€â”€â”€â”€â”€â”€â”€â”€â”€â”€â”€â”€â”€â”€â”€â”€â”€â”€â”€â”€â”€â”€â”€â”
â”‚                                              â”‚
â”‚   [32m[1mDestination: [22m[39m[33mdist/umd/168.development.js[39m   â”‚
â”‚   [32m[1mBundle Size: [22m[39m [33m20.46 KB[39m                     â”‚
â”‚   [32m[1mGzipped Size: [22m[39m [33m1.32 KB[39m                     â”‚
â”‚                                              â”‚
â””â”€â”€â”€â”€â”€â”€â”€â”€â”€â”€â”€â”€â”€â”€â”€â”€â”€â”€â”€â”€â”€â”€â”€â”€â”€â”€â”€â”€â”€â”€â”€â”€â”€â”€â”€â”€â”€â”€â”€â”€â”€â”€â”€â”€â”€â”€â”˜
[32mcreated [1mdist/umd/168.development.js[22m in [1m938ms[22m[39m
[36m
[1msrc/168.ts[22m â†’ [1mdist/umd/168.production.js[22m...[39m
â”Œâ”€â”€â”€â”€â”€â”€â”€â”€â”€â”€â”€â”€â”€â”€â”€â”€â”€â”€â”€â”€â”€â”€â”€â”€â”€â”€â”€â”€â”€â”€â”€â”€â”€â”€â”€â”€â”€â”€â”€â”€â”€â”€â”€â”€â”€â”
â”‚                                             â”‚
â”‚   [32m[1mDestination: [22m[39m[33mdist/umd/168.production.js[39m   â”‚
â”‚   [32m[1mBundle Size: [22m[39m [33m6.59 KB[39m                     â”‚
â”‚   [32m[1mGzipped Size: [22m[39m [33m1.32 KB[39m                    â”‚
â”‚                                             â”‚
â””â”€â”€â”€â”€â”€â”€â”€â”€â”€â”€â”€â”€â”€â”€â”€â”€â”€â”€â”€â”€â”€â”€â”€â”€â”€â”€â”€â”€â”€â”€â”€â”€â”€â”€â”€â”€â”€â”€â”€â”€â”€â”€â”€â”€â”€â”˜
[32mcreated [1mdist/umd/168.production.js[22m in [1m1.1s[22m[39m
[36m
[1m../../scripts/rollup/cjs.js[22m â†’ [1mdist/cjs/168.js[22m...[39m
â”Œâ”€â”€â”€â”€â”€â”€â”€â”€â”€â”€â”€â”€â”€â”€â”€â”€â”€â”€â”€â”€â”€â”€â”€â”€â”€â”€â”€â”€â”€â”€â”€â”€â”€â”€â”
â”‚                                  â”‚
â”‚   [32m[1mDestination: [22m[39m[33mdist/cjs/168.js[39m   â”‚
â”‚   [32m[1mBundle Size: [22m[39m [33m277 B[39m            â”‚
â”‚   [32m[1mGzipped Size: [22m[39m [33m121 B[39m           â”‚
â”‚                                  â”‚
â””â”€â”€â”€â”€â”€â”€â”€â”€â”€â”€â”€â”€â”€â”€â”€â”€â”€â”€â”€â”€â”€â”€â”€â”€â”€â”€â”€â”€â”€â”€â”€â”€â”€â”€â”˜
[32mcreated [1mdist/cjs/168.js[22m in [1m20ms[22m[39m
[36m
[1msrc/168.ts[22m â†’ [1mdist/cjs/168.development.js[22m...[39m
â”Œâ”€â”€â”€â”€â”€â”€â”€â”€â”€â”€â”€â”€â”€â”€â”€â”€â”€â”€â”€â”€â”€â”€â”€â”€â”€â”€â”€â”€â”€â”€â”€â”€â”€â”€â”€â”€â”€â”€â”€â”€â”€â”€â”€â”€â”€â”€â”
â”‚                                              â”‚
â”‚   [32m[1mDestination: [22m[39m[33mdist/cjs/168.development.js[39m   â”‚
â”‚   [32m[1mBundle Size: [22m[39m [33m17.2 KB[39m                      â”‚
â”‚   [32m[1mGzipped Size: [22m[39m [33m1.96 KB[39m                     â”‚
â”‚                                              â”‚
â””â”€â”€â”€â”€â”€â”€â”€â”€â”€â”€â”€â”€â”€â”€â”€â”€â”€â”€â”€â”€â”€â”€â”€â”€â”€â”€â”€â”€â”€â”€â”€â”€â”€â”€â”€â”€â”€â”€â”€â”€â”€â”€â”€â”€â”€â”€â”˜
[32mcreated [1mdist/cjs/168.development.js[22m in [1m846ms[22m[39m
[36m
[1m../../scripts/rollup/cjs.js[22m â†’ [1mdist/cjs/168.js[22m...[39m
â”Œâ”€â”€â”€â”€â”€â”€â”€â”€â”€â”€â”€â”€â”€â”€â”€â”€â”€â”€â”€â”€â”€â”€â”€â”€â”€â”€â”€â”€â”€â”€â”€â”€â”€â”€â”
â”‚                                  â”‚
â”‚   [32m[1mDestination: [22m[39m[33mdist/cjs/168.js[39m   â”‚
â”‚   [32m[1mBundle Size: [22m[39m [33m277 B[39m            â”‚
â”‚   [32m[1mGzipped Size: [22m[39m [33m121 B[39m           â”‚
â”‚                                  â”‚
â””â”€â”€â”€â”€â”€â”€â”€â”€â”€â”€â”€â”€â”€â”€â”€â”€â”€â”€â”€â”€â”€â”€â”€â”€â”€â”€â”€â”€â”€â”€â”€â”€â”€â”€â”˜
[32mcreated [1mdist/cjs/168.js[22m in [1m13ms[22m[39m
[36m
[1msrc/168.ts[22m â†’ [1mdist/cjs/168.production.js[22m...[39m
â”Œâ”€â”€â”€â”€â”€â”€â”€â”€â”€â”€â”€â”€â”€â”€â”€â”€â”€â”€â”€â”€â”€â”€â”€â”€â”€â”€â”€â”€â”€â”€â”€â”€â”€â”€â”€â”€â”€â”€â”€â”€â”€â”€â”€â”€â”€â”
â”‚                                             â”‚
â”‚   [32m[1mDestination: [22m[39m[33mdist/cjs/168.production.js[39m   â”‚
â”‚   [32m[1mBundle Size: [22m[39m [33m7.33 KB[39m                     â”‚
â”‚   [32m[1mGzipped Size: [22m[39m [33m1.21 KB[39m                    â”‚
â”‚                                             â”‚
â””â”€â”€â”€â”€â”€â”€â”€â”€â”€â”€â”€â”€â”€â”€â”€â”€â”€â”€â”€â”€â”€â”€â”€â”€â”€â”€â”€â”€â”€â”€â”€â”€â”€â”€â”€â”€â”€â”€â”€â”€â”€â”€â”€â”€â”€â”˜
[32mcreated [1mdist/cjs/168.production.js[22m in [1m1s[22m[39m
