$ node ../../scripts/build-types.mjs
api-extractor run --local

[1mapi-extractor 7.33.5 [36m - https://api-extractor.com/[39m[22m
[1m[22m
Using configuration from ./api-extractor.json
Analysis will use the bundled TypeScript version 4.8.4
[33mWarning: lib/iso4217/amendments/168/aed.d.ts:5:22 - (ae-missing-release-tag) "AED" is part of the package's API, but it is missing a release tag (@alpha, @beta, @public, or @internal)[39m
[33mWarning: lib/iso4217/amendments/168/afn.d.ts:5:22 - (ae-missing-release-tag) "AFN" is part of the package's API, but it is missing a release tag (@alpha, @beta, @public, or @internal)[39m
[33mWarning: lib/iso4217/amendments/168/all.d.ts:5:22 - (ae-missing-release-tag) "ALL" is part of the package's API, but it is missing a release tag (@alpha, @beta, @public, or @internal)[39m
[33mWarning: lib/iso4217/amendments/168/amd.d.ts:5:22 - (ae-missing-release-tag) "AMD" is part of the package's API, but it is missing a release tag (@alpha, @beta, @public, or @internal)[39m
[33mWarning: lib/iso4217/amendments/168/ang.d.ts:5:22 - (ae-missing-release-tag) "ANG" is part of the package's API, but it is missing a release tag (@alpha, @beta, @public, or @internal)[39m
[33mWarning: lib/iso4217/amendments/168/aoa.d.ts:5:22 - (ae-missing-release-tag) "AOA" is part of the package's API, but it is missing a release tag (@alpha, @beta, @public, or @internal)[39m
[33mWarning: lib/iso4217/amendments/168/ars.d.ts:5:22 - (ae-missing-release-tag) "ARS" is part of the package's API, but it is missing a release tag (@alpha, @beta, @public, or @internal)[39m
[33mWarning: lib/iso4217/amendments/168/aud.d.ts:5:22 - (ae-missing-release-tag) "AUD" is part of the package's API, but it is missing a release tag (@alpha, @beta, @public, or @internal)[39m
[33mWarning: lib/iso4217/amendments/168/awg.d.ts:5:22 - (ae-missing-release-tag) "AWG" is part of the package's API, but it is missing a release tag (@alpha, @beta, @public, or @internal)[39m
[33mWarning: lib/iso4217/amendments/168/azn.d.ts:5:22 - (ae-missing-release-tag) "AZN" is part of the package's API, but it is missing a release tag (@alpha, @beta, @public, or @internal)[39m
[33mWarning: lib/iso4217/amendments/168/bam.d.ts:5:22 - (ae-missing-release-tag) "BAM" is part of the package's API, but it is missing a release tag (@alpha, @beta, @public, or @internal)[39m
[33mWarning: lib/iso4217/amendments/168/bbd.d.ts:5:22 - (ae-missing-release-tag) "BBD" is part of the package's API, but it is missing a release tag (@alpha, @beta, @public, or @internal)[39m
[33mWarning: lib/iso4217/amendments/168/bdt.d.ts:5:22 - (ae-missing-release-tag) "BDT" is part of the package's API, but it is missing a release tag (@alpha, @beta, @public, or @internal)[39m
[33mWarning: lib/iso4217/amendments/168/bgn.d.ts:5:22 - (ae-missing-release-tag) "BGN" is part of the package's API, but it is missing a release tag (@alpha, @beta, @public, or @internal)[39m
[33mWarning: lib/iso4217/amendments/168/bhd.d.ts:5:22 - (ae-missing-release-tag) "BHD" is part of the package's API, but it is missing a release tag (@alpha, @beta, @public, or @internal)[39m
[33mWarning: lib/iso4217/amendments/168/bif.d.ts:5:22 - (ae-missing-release-tag) "BIF" is part of the package's API, but it is missing a release tag (@alpha, @beta, @public, or @internal)[39m
[33mWarning: lib/iso4217/amendments/168/bmd.d.ts:5:22 - (ae-missing-release-tag) "BMD" is part of the package's API, but it is missing a release tag (@alpha, @beta, @public, or @internal)[39m
[33mWarning: lib/iso4217/amendments/168/bnd.d.ts:5:22 - (ae-missing-release-tag) "BND" is part of the package's API, but it is missing a release tag (@alpha, @beta, @public, or @internal)[39m
[33mWarning: lib/iso4217/amendments/168/bob.d.ts:5:22 - (ae-missing-release-tag) "BOB" is part of the package's API, but it is missing a release tag (@alpha, @beta, @public, or @internal)[39m
[33mWarning: lib/iso4217/amendments/168/bov.d.ts:5:22 - (ae-missing-release-tag) "BOV" is part of the package's API, but it is missing a release tag (@alpha, @beta, @public, or @internal)[39m
[33mWarning: lib/iso4217/amendments/168/brl.d.ts:5:22 - (ae-missing-release-tag) "BRL" is part of the package's API, but it is missing a release tag (@alpha, @beta, @public, or @internal)[39m
[33mWarning: lib/iso4217/amendments/168/bsd.d.ts:5:22 - (ae-missing-release-tag) "BSD" is part of the package's API, but it is missing a release tag (@alpha, @beta, @public, or @internal)[39m
[33mWarning: lib/iso4217/amendments/168/btn.d.ts:5:22 - (ae-missing-release-tag) "BTN" is part of the package's API, but it is missing a release tag (@alpha, @beta, @public, or @internal)[39m
[33mWarning: lib/iso4217/amendments/168/bwp.d.ts:5:22 - (ae-missing-release-tag) "BWP" is part of the package's API, but it is missing a release tag (@alpha, @beta, @public, or @internal)[39m
[33mWarning: lib/iso4217/amendments/168/byn.d.ts:5:22 - (ae-missing-release-tag) "BYN" is part of the package's API, but it is missing a release tag (@alpha, @beta, @public, or @internal)[39m
[33mWarning: lib/iso4217/amendments/168/bzd.d.ts:5:22 - (ae-missing-release-tag) "BZD" is part of the package's API, but it is missing a release tag (@alpha, @beta, @public, or @internal)[39m
[33mWarning: lib/iso4217/amendments/168/cad.d.ts:5:22 - (ae-missing-release-tag) "CAD" is part of the package's API, but it is missing a release tag (@alpha, @beta, @public, or @internal)[39m
[33mWarning: lib/iso4217/amendments/168/cdf.d.ts:5:22 - (ae-missing-release-tag) "CDF" is part of the package's API, but it is missing a release tag (@alpha, @beta, @public, or @internal)[39m
[33mWarning: lib/iso4217/amendments/168/che.d.ts:5:22 - (ae-missing-release-tag) "CHE" is part of the package's API, but it is missing a release tag (@alpha, @beta, @public, or @internal)[39m
[33mWarning: lib/iso4217/amendments/168/chf.d.ts:5:22 - (ae-missing-release-tag) "CHF" is part of the package's API, but it is missing a release tag (@alpha, @beta, @public, or @internal)[39m
[33mWarning: lib/iso4217/amendments/168/chw.d.ts:5:22 - (ae-missing-release-tag) "CHW" is part of the package's API, but it is missing a release tag (@alpha, @beta, @public, or @internal)[39m
[33mWarning: lib/iso4217/amendments/168/clf.d.ts:5:22 - (ae-missing-release-tag) "CLF" is part of the package's API, but it is missing a release tag (@alpha, @beta, @public, or @internal)[39m
[33mWarning: lib/iso4217/amendments/168/clp.d.ts:5:22 - (ae-missing-release-tag) "CLP" is part of the package's API, but it is missing a release tag (@alpha, @beta, @public, or @internal)[39m
[33mWarning: lib/iso4217/amendments/168/cny.d.ts:5:22 - (ae-missing-release-tag) "CNY" is part of the package's API, but it is missing a release tag (@alpha, @beta, @public, or @internal)[39m
[33mWarning: lib/iso4217/amendments/168/cop.d.ts:5:22 - (ae-missing-release-tag) "COP" is part of the package's API, but it is missing a release tag (@alpha, @beta, @public, or @internal)[39m
[33mWarning: lib/iso4217/amendments/168/cou.d.ts:5:22 - (ae-missing-release-tag) "COU" is part of the package's API, but it is missing a release tag (@alpha, @beta, @public, or @internal)[39m
[33mWarning: lib/iso4217/amendments/168/crc.d.ts:5:22 - (ae-missing-release-tag) "CRC" is part of the package's API, but it is missing a release tag (@alpha, @beta, @public, or @internal)[39m
[33mWarning: lib/iso4217/amendments/168/cuc.d.ts:5:22 - (ae-missing-release-tag) "CUC" is part of the package's API, but it is missing a release tag (@alpha, @beta, @public, or @internal)[39m
[33mWarning: lib/iso4217/amendments/168/cup.d.ts:5:22 - (ae-missing-release-tag) "CUP" is part of the package's API, but it is missing a release tag (@alpha, @beta, @public, or @internal)[39m
[33mWarning: lib/iso4217/amendments/168/cve.d.ts:5:22 - (ae-missing-release-tag) "CVE" is part of the package's API, but it is missing a release tag (@alpha, @beta, @public, or @internal)[39m
[33mWarning: lib/iso4217/amendments/168/czk.d.ts:5:22 - (ae-missing-release-tag) "CZK" is part of the package's API, but it is missing a release tag (@alpha, @beta, @public, or @internal)[39m
[33mWarning: lib/iso4217/amendments/168/djf.d.ts:5:22 - (ae-missing-release-tag) "DJF" is part of the package's API, but it is missing a release tag (@alpha, @beta, @public, or @internal)[39m
[33mWarning: lib/iso4217/amendments/168/dkk.d.ts:5:22 - (ae-missing-release-tag) "DKK" is part of the package's API, but it is missing a release tag (@alpha, @beta, @public, or @internal)[39m
[33mWarning: lib/iso4217/amendments/168/dop.d.ts:5:22 - (ae-missing-release-tag) "DOP" is part of the package's API, but it is missing a release tag (@alpha, @beta, @public, or @internal)[39m
[33mWarning: lib/iso4217/amendments/168/dzd.d.ts:5:22 - (ae-missing-release-tag) "DZD" is part of the package's API, but it is missing a release tag (@alpha, @beta, @public, or @internal)[39m
[33mWarning: lib/iso4217/amendments/168/egp.d.ts:5:22 - (ae-missing-release-tag) "EGP" is part of the package's API, but it is missing a release tag (@alpha, @beta, @public, or @internal)[39m
[33mWarning: lib/iso4217/amendments/168/ern.d.ts:5:22 - (ae-missing-release-tag) "ERN" is part of the package's API, but it is missing a release tag (@alpha, @beta, @public, or @internal)[39m
[33mWarning: lib/iso4217/amendments/168/etb.d.ts:5:22 - (ae-missing-release-tag) "ETB" is part of the package's API, but it is missing a release tag (@alpha, @beta, @public, or @internal)[39m
[33mWarning: lib/iso4217/amendments/168/eur.d.ts:5:22 - (ae-missing-release-tag) "EUR" is part of the package's API, but it is missing a release tag (@alpha, @beta, @public, or @internal)[39m
[33mWarning: lib/iso4217/amendments/168/fjd.d.ts:5:22 - (ae-missing-release-tag) "FJD" is part of the package's API, but it is missing a release tag (@alpha, @beta, @public, or @internal)[39m
[33mWarning: lib/iso4217/amendments/168/fkp.d.ts:5:22 - (ae-missing-release-tag) "FKP" is part of the package's API, but it is missing a release tag (@alpha, @beta, @public, or @internal)[39m
[33mWarning: lib/iso4217/amendments/168/gbp.d.ts:5:22 - (ae-missing-release-tag) "GBP" is part of the package's API, but it is missing a release tag (@alpha, @beta, @public, or @internal)[39m
[33mWarning: lib/iso4217/amendments/168/gel.d.ts:5:22 - (ae-missing-release-tag) "GEL" is part of the package's API, but it is missing a release tag (@alpha, @beta, @public, or @internal)[39m
[33mWarning: lib/iso4217/amendments/168/ghs.d.ts:5:22 - (ae-missing-release-tag) "GHS" is part of the package's API, but it is missing a release tag (@alpha, @beta, @public, or @internal)[39m
[33mWarning: lib/iso4217/amendments/168/gip.d.ts:5:22 - (ae-missing-release-tag) "GIP" is part of the package's API, but it is missing a release tag (@alpha, @beta, @public, or @internal)[39m
[33mWarning: lib/iso4217/amendments/168/gmd.d.ts:5:22 - (ae-missing-release-tag) "GMD" is part of the package's API, but it is missing a release tag (@alpha, @beta, @public, or @internal)[39m
[33mWarning: lib/iso4217/amendments/168/gnf.d.ts:5:22 - (ae-missing-release-tag) "GNF" is part of the package's API, but it is missing a release tag (@alpha, @beta, @public, or @internal)[39m
[33mWarning: lib/iso4217/amendments/168/gtq.d.ts:5:22 - (ae-missing-release-tag) "GTQ" is part of the package's API, but it is missing a release tag (@alpha, @beta, @public, or @internal)[39m
[33mWarning: lib/iso4217/amendments/168/gyd.d.ts:5:22 - (ae-missing-release-tag) "GYD" is part of the package's API, but it is missing a release tag (@alpha, @beta, @public, or @internal)[39m
[33mWarning: lib/iso4217/amendments/168/hkd.d.ts:5:22 - (ae-missing-release-tag) "HKD" is part of the package's API, but it is missing a release tag (@alpha, @beta, @public, or @internal)[39m
[33mWarning: lib/iso4217/amendments/168/hnl.d.ts:5:22 - (ae-missing-release-tag) "HNL" is part of the package's API, but it is missing a release tag (@alpha, @beta, @public, or @internal)[39m
[33mWarning: lib/iso4217/amendments/168/hrk.d.ts:5:22 - (ae-missing-release-tag) "HRK" is part of the package's API, but it is missing a release tag (@alpha, @beta, @public, or @internal)[39m
[33mWarning: lib/iso4217/amendments/168/htg.d.ts:5:22 - (ae-missing-release-tag) "HTG" is part of the package's API, but it is missing a release tag (@alpha, @beta, @public, or @internal)[39m
[33mWarning: lib/iso4217/amendments/168/huf.d.ts:5:22 - (ae-missing-release-tag) "HUF" is part of the package's API, but it is missing a release tag (@alpha, @beta, @public, or @internal)[39m
[33mWarning: lib/iso4217/amendments/168/idr.d.ts:5:22 - (ae-missing-release-tag) "IDR" is part of the package's API, but it is missing a release tag (@alpha, @beta, @public, or @internal)[39m
[33mWarning: lib/iso4217/amendments/168/ils.d.ts:5:22 - (ae-missing-release-tag) "ILS" is part of the package's API, but it is missing a release tag (@alpha, @beta, @public, or @internal)[39m
[33mWarning: lib/iso4217/amendments/168/inr.d.ts:5:22 - (ae-missing-release-tag) "INR" is part of the package's API, but it is missing a release tag (@alpha, @beta, @public, or @internal)[39m
[33mWarning: lib/iso4217/amendments/168/iqd.d.ts:5:22 - (ae-missing-release-tag) "IQD" is part of the package's API, but it is missing a release tag (@alpha, @beta, @public, or @internal)[39m
[33mWarning: lib/iso4217/amendments/168/irr.d.ts:5:22 - (ae-missing-release-tag) "IRR" is part of the package's API, but it is missing a release tag (@alpha, @beta, @public, or @internal)[39m
[33mWarning: lib/iso4217/amendments/168/isk.d.ts:5:22 - (ae-missing-release-tag) "ISK" is part of the package's API, but it is missing a release tag (@alpha, @beta, @public, or @internal)[39m
[33mWarning: lib/iso4217/amendments/168/jmd.d.ts:5:22 - (ae-missing-release-tag) "JMD" is part of the package's API, but it is missing a release tag (@alpha, @beta, @public, or @internal)[39m
[33mWarning: lib/iso4217/amendments/168/jod.d.ts:5:22 - (ae-missing-release-tag) "JOD" is part of the package's API, but it is missing a release tag (@alpha, @beta, @public, or @internal)[39m
[33mWarning: lib/iso4217/amendments/168/jpy.d.ts:5:22 - (ae-missing-release-tag) "JPY" is part of the package's API, but it is missing a release tag (@alpha, @beta, @public, or @internal)[39m
[33mWarning: lib/iso4217/amendments/168/kes.d.ts:5:22 - (ae-missing-release-tag) "KES" is part of the package's API, but it is missing a release tag (@alpha, @beta, @public, or @internal)[39m
[33mWarning: lib/iso4217/amendments/168/kgs.d.ts:5:22 - (ae-missing-release-tag) "KGS" is part of the package's API, but it is missing a release tag (@alpha, @beta, @public, or @internal)[39m
[33mWarning: lib/iso4217/amendments/168/khr.d.ts:5:22 - (ae-missing-release-tag) "KHR" is part of the package's API, but it is missing a release tag (@alpha, @beta, @public, or @internal)[39m
[33mWarning: lib/iso4217/amendments/168/kmf.d.ts:5:22 - (ae-missing-release-tag) "KMF" is part of the package's API, but it is missing a release tag (@alpha, @beta, @public, or @internal)[39m
[33mWarning: lib/iso4217/amendments/168/kpw.d.ts:5:22 - (ae-missing-release-tag) "KPW" is part of the package's API, but it is missing a release tag (@alpha, @beta, @public, or @internal)[39m
[33mWarning: lib/iso4217/amendments/168/krw.d.ts:5:22 - (ae-missing-release-tag) "KRW" is part of the package's API, but it is missing a release tag (@alpha, @beta, @public, or @internal)[39m
[33mWarning: lib/iso4217/amendments/168/kwd.d.ts:5:22 - (ae-missing-release-tag) "KWD" is part of the package's API, but it is missing a release tag (@alpha, @beta, @public, or @internal)[39m
[33mWarning: lib/iso4217/amendments/168/kyd.d.ts:5:22 - (ae-missing-release-tag) "KYD" is part of the package's API, but it is missing a release tag (@alpha, @beta, @public, or @internal)[39m
[33mWarning: lib/iso4217/amendments/168/kzt.d.ts:5:22 - (ae-missing-release-tag) "KZT" is part of the package's API, but it is missing a release tag (@alpha, @beta, @public, or @internal)[39m
[33mWarning: lib/iso4217/amendments/168/lak.d.ts:5:22 - (ae-missing-release-tag) "LAK" is part of the package's API, but it is missing a release tag (@alpha, @beta, @public, or @internal)[39m
[33mWarning: lib/iso4217/amendments/168/lbp.d.ts:5:22 - (ae-missing-release-tag) "LBP" is part of the package's API, but it is missing a release tag (@alpha, @beta, @public, or @internal)[39m
[33mWarning: lib/iso4217/amendments/168/lkr.d.ts:5:22 - (ae-missing-release-tag) "LKR" is part of the package's API, but it is missing a release tag (@alpha, @beta, @public, or @internal)[39m
[33mWarning: lib/iso4217/amendments/168/lrd.d.ts:5:22 - (ae-missing-release-tag) "LRD" is part of the package's API, but it is missing a release tag (@alpha, @beta, @public, or @internal)[39m
[33mWarning: lib/iso4217/amendments/168/lsl.d.ts:5:22 - (ae-missing-release-tag) "LSL" is part of the package's API, but it is missing a release tag (@alpha, @beta, @public, or @internal)[39m
[33mWarning: lib/iso4217/amendments/168/lyd.d.ts:5:22 - (ae-missing-release-tag) "LYD" is part of the package's API, but it is missing a release tag (@alpha, @beta, @public, or @internal)[39m
[33mWarning: lib/iso4217/amendments/168/mad.d.ts:5:22 - (ae-missing-release-tag) "MAD" is part of the package's API, but it is missing a release tag (@alpha, @beta, @public, or @internal)[39m
[33mWarning: lib/iso4217/amendments/168/mdl.d.ts:5:22 - (ae-missing-release-tag) "MDL" is part of the package's API, but it is missing a release tag (@alpha, @beta, @public, or @internal)[39m
[33mWarning: lib/iso4217/amendments/168/mga.d.ts:5:22 - (ae-missing-release-tag) "MGA" is part of the package's API, but it is missing a release tag (@alpha, @beta, @public, or @internal)[39m
[33mWarning: lib/iso4217/amendments/168/mkd.d.ts:5:22 - (ae-missing-release-tag) "MKD" is part of the package's API, but it is missing a release tag (@alpha, @beta, @public, or @internal)[39m
[33mWarning: lib/iso4217/amendments/168/mmk.d.ts:5:22 - (ae-missing-release-tag) "MMK" is part of the package's API, but it is missing a release tag (@alpha, @beta, @public, or @internal)[39m
[33mWarning: lib/iso4217/amendments/168/mnt.d.ts:5:22 - (ae-missing-release-tag) "MNT" is part of the package's API, but it is missing a release tag (@alpha, @beta, @public, or @internal)[39m
[33mWarning: lib/iso4217/amendments/168/mop.d.ts:5:22 - (ae-missing-release-tag) "MOP" is part of the package's API, but it is missing a release tag (@alpha, @beta, @public, or @internal)[39m
[33mWarning: lib/iso4217/amendments/168/mru.d.ts:5:22 - (ae-missing-release-tag) "MRU" is part of the package's API, but it is missing a release tag (@alpha, @beta, @public, or @internal)[39m
[33mWarning: lib/iso4217/amendments/168/mur.d.ts:5:22 - (ae-missing-release-tag) "MUR" is part of the package's API, but it is missing a release tag (@alpha, @beta, @public, or @internal)[39m
[33mWarning: lib/iso4217/amendments/168/mvr.d.ts:5:22 - (ae-missing-release-tag) "MVR" is part of the package's API, but it is missing a release tag (@alpha, @beta, @public, or @internal)[39m
[33mWarning: lib/iso4217/amendments/168/mwk.d.ts:5:22 - (ae-missing-release-tag) "MWK" is part of the package's API, but it is missing a release tag (@alpha, @beta, @public, or @internal)[39m
[33mWarning: lib/iso4217/amendments/168/mxn.d.ts:5:22 - (ae-missing-release-tag) "MXN" is part of the package's API, but it is missing a release tag (@alpha, @beta, @public, or @internal)[39m
[33mWarning: lib/iso4217/amendments/168/mxv.d.ts:5:22 - (ae-missing-release-tag) "MXV" is part of the package's API, but it is missing a release tag (@alpha, @beta, @public, or @internal)[39m
[33mWarning: lib/iso4217/amendments/168/myr.d.ts:5:22 - (ae-missing-release-tag) "MYR" is part of the package's API, but it is missing a release tag (@alpha, @beta, @public, or @internal)[39m
[33mWarning: lib/iso4217/amendments/168/mzn.d.ts:5:22 - (ae-missing-release-tag) "MZN" is part of the package's API, but it is missing a release tag (@alpha, @beta, @public, or @internal)[39m
[33mWarning: lib/iso4217/amendments/168/nad.d.ts:5:22 - (ae-missing-release-tag) "NAD" is part of the package's API, but it is missing a release tag (@alpha, @beta, @public, or @internal)[39m
[33mWarning: lib/iso4217/amendments/168/ngn.d.ts:5:22 - (ae-missing-release-tag) "NGN" is part of the package's API, but it is missing a release tag (@alpha, @beta, @public, or @internal)[39m
[33mWarning: lib/iso4217/amendments/168/nio.d.ts:5:22 - (ae-missing-release-tag) "NIO" is part of the package's API, but it is missing a release tag (@alpha, @beta, @public, or @internal)[39m
[33mWarning: lib/iso4217/amendments/168/nok.d.ts:5:22 - (ae-missing-release-tag) "NOK" is part of the package's API, but it is missing a release tag (@alpha, @beta, @public, or @internal)[39m
[33mWarning: lib/iso4217/amendments/168/npr.d.ts:5:22 - (ae-missing-release-tag) "NPR" is part of the package's API, but it is missing a release tag (@alpha, @beta, @public, or @internal)[39m
[33mWarning: lib/iso4217/amendments/168/nzd.d.ts:5:22 - (ae-missing-release-tag) "NZD" is part of the package's API, but it is missing a release tag (@alpha, @beta, @public, or @internal)[39m
[33mWarning: lib/iso4217/amendments/168/omr.d.ts:5:22 - (ae-missing-release-tag) "OMR" is part of the package's API, but it is missing a release tag (@alpha, @beta, @public, or @internal)[39m
[33mWarning: lib/iso4217/amendments/168/pab.d.ts:5:22 - (ae-missing-release-tag) "PAB" is part of the package's API, but it is missing a release tag (@alpha, @beta, @public, or @internal)[39m
[33mWarning: lib/iso4217/amendments/168/pen.d.ts:5:22 - (ae-missing-release-tag) "PEN" is part of the package's API, but it is missing a release tag (@alpha, @beta, @public, or @internal)[39m
[33mWarning: lib/iso4217/amendments/168/pgk.d.ts:5:22 - (ae-missing-release-tag) "PGK" is part of the package's API, but it is missing a release tag (@alpha, @beta, @public, or @internal)[39m
[33mWarning: lib/iso4217/amendments/168/php.d.ts:5:22 - (ae-missing-release-tag) "PHP" is part of the package's API, but it is missing a release tag (@alpha, @beta, @public, or @internal)[39m
[33mWarning: lib/iso4217/amendments/168/pkr.d.ts:5:22 - (ae-missing-release-tag) "PKR" is part of the package's API, but it is missing a release tag (@alpha, @beta, @public, or @internal)[39m
[33mWarning: lib/iso4217/amendments/168/pln.d.ts:5:22 - (ae-missing-release-tag) "PLN" is part of the package's API, but it is missing a release tag (@alpha, @beta, @public, or @internal)[39m
[33mWarning: lib/iso4217/amendments/168/pyg.d.ts:5:22 - (ae-missing-release-tag) "PYG" is part of the package's API, but it is missing a release tag (@alpha, @beta, @public, or @internal)[39m
[33mWarning: lib/iso4217/amendments/168/qar.d.ts:5:22 - (ae-missing-release-tag) "QAR" is part of the package's API, but it is missing a release tag (@alpha, @beta, @public, or @internal)[39m
[33mWarning: lib/iso4217/amendments/168/ron.d.ts:5:22 - (ae-missing-release-tag) "RON" is part of the package's API, but it is missing a release tag (@alpha, @beta, @public, or @internal)[39m
[33mWarning: lib/iso4217/amendments/168/rsd.d.ts:5:22 - (ae-missing-release-tag) "RSD" is part of the package's API, but it is missing a release tag (@alpha, @beta, @public, or @internal)[39m
[33mWarning: lib/iso4217/amendments/168/rub.d.ts:5:22 - (ae-missing-release-tag) "RUB" is part of the package's API, but it is missing a release tag (@alpha, @beta, @public, or @internal)[39m
[33mWarning: lib/iso4217/amendments/168/rwf.d.ts:5:22 - (ae-missing-release-tag) "RWF" is part of the package's API, but it is missing a release tag (@alpha, @beta, @public, or @internal)[39m
[33mWarning: lib/iso4217/amendments/168/sar.d.ts:5:22 - (ae-missing-release-tag) "SAR" is part of the package's API, but it is missing a release tag (@alpha, @beta, @public, or @internal)[39m
[33mWarning: lib/iso4217/amendments/168/sbd.d.ts:5:22 - (ae-missing-release-tag) "SBD" is part of the package's API, but it is missing a release tag (@alpha, @beta, @public, or @internal)[39m
[33mWarning: lib/iso4217/amendments/168/scr.d.ts:5:22 - (ae-missing-release-tag) "SCR" is part of the package's API, but it is missing a release tag (@alpha, @beta, @public, or @internal)[39m
[33mWarning: lib/iso4217/amendments/168/sdg.d.ts:5:22 - (ae-missing-release-tag) "SDG" is part of the package's API, but it is missing a release tag (@alpha, @beta, @public, or @internal)[39m
[33mWarning: lib/iso4217/amendments/168/sek.d.ts:5:22 - (ae-missing-release-tag) "SEK" is part of the package's API, but it is missing a release tag (@alpha, @beta, @public, or @internal)[39m
[33mWarning: lib/iso4217/amendments/168/sgd.d.ts:5:22 - (ae-missing-release-tag) "SGD" is part of the package's API, but it is missing a release tag (@alpha, @beta, @public, or @internal)[39m
[33mWarning: lib/iso4217/amendments/168/shp.d.ts:5:22 - (ae-missing-release-tag) "SHP" is part of the package's API, but it is missing a release tag (@alpha, @beta, @public, or @internal)[39m
[33mWarning: lib/iso4217/amendments/168/sll.d.ts:5:22 - (ae-missing-release-tag) "SLL" is part of the package's API, but it is missing a release tag (@alpha, @beta, @public, or @internal)[39m
[33mWarning: lib/iso4217/amendments/168/sos.d.ts:5:22 - (ae-missing-release-tag) "SOS" is part of the package's API, but it is missing a release tag (@alpha, @beta, @public, or @internal)[39m
[33mWarning: lib/iso4217/amendments/168/srd.d.ts:5:22 - (ae-missing-release-tag) "SRD" is part of the package's API, but it is missing a release tag (@alpha, @beta, @public, or @internal)[39m
[33mWarning: lib/iso4217/amendments/168/ssp.d.ts:5:22 - (ae-missing-release-tag) "SSP" is part of the package's API, but it is missing a release tag (@alpha, @beta, @public, or @internal)[39m
[33mWarning: lib/iso4217/amendments/168/stn.d.ts:5:22 - (ae-missing-release-tag) "STN" is part of the package's API, but it is missing a release tag (@alpha, @beta, @public, or @internal)[39m
[33mWarning: lib/iso4217/amendments/168/svc.d.ts:5:22 - (ae-missing-release-tag) "SVC" is part of the package's API, but it is missing a release tag (@alpha, @beta, @public, or @internal)[39m
[33mWarning: lib/iso4217/amendments/168/syp.d.ts:5:22 - (ae-missing-release-tag) "SYP" is part of the package's API, but it is missing a release tag (@alpha, @beta, @public, or @internal)[39m
[33mWarning: lib/iso4217/amendments/168/szl.d.ts:5:22 - (ae-missing-release-tag) "SZL" is part of the package's API, but it is missing a release tag (@alpha, @beta, @public, or @internal)[39m
[33mWarning: lib/iso4217/amendments/168/thb.d.ts:5:22 - (ae-missing-release-tag) "THB" is part of the package's API, but it is missing a release tag (@alpha, @beta, @public, or @internal)[39m
[33mWarning: lib/iso4217/amendments/168/tjs.d.ts:5:22 - (ae-missing-release-tag) "TJS" is part of the package's API, but it is missing a release tag (@alpha, @beta, @public, or @internal)[39m
[33mWarning: lib/iso4217/amendments/168/tmt.d.ts:5:22 - (ae-missing-release-tag) "TMT" is part of the package's API, but it is missing a release tag (@alpha, @beta, @public, or @internal)[39m
[33mWarning: lib/iso4217/amendments/168/tnd.d.ts:5:22 - (ae-missing-release-tag) "TND" is part of the package's API, but it is missing a release tag (@alpha, @beta, @public, or @internal)[39m
[33mWarning: lib/iso4217/amendments/168/top.d.ts:5:22 - (ae-missing-release-tag) "TOP" is part of the package's API, but it is missing a release tag (@alpha, @beta, @public, or @internal)[39m
[33mWarning: lib/iso4217/amendments/168/try.d.ts:5:22 - (ae-missing-release-tag) "TRY" is part of the package's API, but it is missing a release tag (@alpha, @beta, @public, or @internal)[39m
[33mWarning: lib/iso4217/amendments/168/ttd.d.ts:5:22 - (ae-missing-release-tag) "TTD" is part of the package's API, but it is missing a release tag (@alpha, @beta, @public, or @internal)[39m
[33mWarning: lib/iso4217/amendments/168/twd.d.ts:5:22 - (ae-missing-release-tag) "TWD" is part of the package's API, but it is missing a release tag (@alpha, @beta, @public, or @internal)[39m
[33mWarning: lib/iso4217/amendments/168/tzs.d.ts:5:22 - (ae-missing-release-tag) "TZS" is part of the package's API, but it is missing a release tag (@alpha, @beta, @public, or @internal)[39m
[33mWarning: lib/iso4217/amendments/168/uah.d.ts:5:22 - (ae-missing-release-tag) "UAH" is part of the package's API, but it is missing a release tag (@alpha, @beta, @public, or @internal)[39m
[33mWarning: lib/iso4217/amendments/168/ugx.d.ts:5:22 - (ae-missing-release-tag) "UGX" is part of the package's API, but it is missing a release tag (@alpha, @beta, @public, or @internal)[39m
[33mWarning: lib/iso4217/amendments/168/usd.d.ts:5:22 - (ae-missing-release-tag) "USD" is part of the package's API, but it is missing a release tag (@alpha, @beta, @public, or @internal)[39m
[33mWarning: lib/iso4217/amendments/168/usn.d.ts:5:22 - (ae-missing-release-tag) "USN" is part of the package's API, but it is missing a release tag (@alpha, @beta, @public, or @internal)[39m
[33mWarning: lib/iso4217/amendments/168/uyi.d.ts:5:22 - (ae-missing-release-tag) "UYI" is part of the package's API, but it is missing a release tag (@alpha, @beta, @public, or @internal)[39m
[33mWarning: lib/iso4217/amendments/168/uyu.d.ts:5:22 - (ae-missing-release-tag) "UYU" is part of the package's API, but it is missing a release tag (@alpha, @beta, @public, or @internal)[39m
[33mWarning: lib/iso4217/amendments/168/uyw.d.ts:5:22 - (ae-missing-release-tag) "UYW" is part of the package's API, but it is missing a release tag (@alpha, @beta, @public, or @internal)[39m
[33mWarning: lib/iso4217/amendments/168/uzs.d.ts:5:22 - (ae-missing-release-tag) "UZS" is part of the package's API, but it is missing a release tag (@alpha, @beta, @public, or @internal)[39m
[33mWarning: lib/iso4217/amendments/168/ves.d.ts:5:22 - (ae-missing-release-tag) "VES" is part of the package's API, but it is missing a release tag (@alpha, @beta, @public, or @internal)[39m
[33mWarning: lib/iso4217/amendments/168/vnd.d.ts:5:22 - (ae-missing-release-tag) "VND" is part of the package's API, but it is missing a release tag (@alpha, @beta, @public, or @internal)[39m
[33mWarning: lib/iso4217/amendments/168/vuv.d.ts:5:22 - (ae-missing-release-tag) "VUV" is part of the package's API, but it is missing a release tag (@alpha, @beta, @public, or @internal)[39m
[33mWarning: lib/iso4217/amendments/168/wst.d.ts:5:22 - (ae-missing-release-tag) "WST" is part of the package's API, but it is missing a release tag (@alpha, @beta, @public, or @internal)[39m
[33mWarning: lib/iso4217/amendments/168/xaf.d.ts:5:22 - (ae-missing-release-tag) "XAF" is part of the package's API, but it is missing a release tag (@alpha, @beta, @public, or @internal)[39m
[33mWarning: lib/iso4217/amendments/168/xcd.d.ts:5:22 - (ae-missing-release-tag) "XCD" is part of the package's API, but it is missing a release tag (@alpha, @beta, @public, or @internal)[39m
[33mWarning: lib/iso4217/amendments/168/xof.d.ts:5:22 - (ae-missing-release-tag) "XOF" is part of the package's API, but it is missing a release tag (@alpha, @beta, @public, or @internal)[39m
[33mWarning: lib/iso4217/amendments/168/xpf.d.ts:5:22 - (ae-missing-release-tag) "XPF" is part of the package's API, but it is missing a release tag (@alpha, @beta, @public, or @internal)[39m
[33mWarning: lib/iso4217/amendments/168/yer.d.ts:5:22 - (ae-missing-release-tag) "YER" is part of the package's API, but it is missing a release tag (@alpha, @beta, @public, or @internal)[39m
[33mWarning: lib/iso4217/amendments/168/zar.d.ts:5:22 - (ae-missing-release-tag) "ZAR" is part of the package's API, but it is missing a release tag (@alpha, @beta, @public, or @internal)[39m
[33mWarning: lib/iso4217/amendments/168/zmw.d.ts:5:22 - (ae-missing-release-tag) "ZMW" is part of the package's API, but it is missing a release tag (@alpha, @beta, @public, or @internal)[39m
[33mWarning: lib/iso4217/amendments/168/zwl.d.ts:5:22 - (ae-missing-release-tag) "ZWL" is part of the package's API, but it is missing a release tag (@alpha, @beta, @public, or @internal)[39m
[33mWarning: lib/types/Currency.d.ts:1:1 - (ae-missing-release-tag) "Currency" is part of the package's API, but it is missing a release tag (@alpha, @beta, @public, or @internal)[39m

API Extractor completed successfully
