$ rollup --config
[36m
[1msrc/index.ts[22m â†’ [1mdist/umd/index.development.js[22m...[39m
â”Œâ”€â”€â”€â”€â”€â”€â”€â”€â”€â”€â”€â”€â”€â”€â”€â”€â”€â”€â”€â”€â”€â”€â”€â”€â”€â”€â”€â”€â”€â”€â”€â”€â”€â”€â”€â”€â”€â”€â”€â”€â”€â”€â”€â”€â”€â”€â”€â”€â”
â”‚                                                â”‚
â”‚   [32m[1mDestination: [22m[39m[33mdist/umd/index.development.js[39m   â”‚
â”‚   [32m[1mBundle Size: [22m[39m [33m48.83 KB[39m                       â”‚
â”‚   [32m[1mGzipped Size: [22m[39m [33m3.83 KB[39m                       â”‚
â”‚                                                â”‚
â””â”€â”€â”€â”€â”€â”€â”€â”€â”€â”€â”€â”€â”€â”€â”€â”€â”€â”€â”€â”€â”€â”€â”€â”€â”€â”€â”€â”€â”€â”€â”€â”€â”€â”€â”€â”€â”€â”€â”€â”€â”€â”€â”€â”€â”€â”€â”€â”€â”˜
[1m[33m(!) Circular dependencies[39m[22m
src/utils/index.ts -> src/utils/isEven.ts -> src/utils/index.ts
src/utils/index.ts -> src/utils/isHalf.ts -> src/utils/index.ts
src/divide/index.ts -> src/divide/halfAwayFromZero.ts -> src/divide/index.ts
...and 5 more
[32mcreated [1mdist/umd/index.development.js[22m in [1m2.4s[22m[39m
[36m
[1msrc/index.ts[22m â†’ [1mdist/umd/index.production.js[22m...[39m
â”Œâ”€â”€â”€â”€â”€â”€â”€â”€â”€â”€â”€â”€â”€â”€â”€â”€â”€â”€â”€â”€â”€â”€â”€â”€â”€â”€â”€â”€â”€â”€â”€â”€â”€â”€â”€â”€â”€â”€â”€â”€â”€â”€â”€â”€â”€â”€â”€â”
â”‚                                               â”‚
â”‚   [32m[1mDestination: [22m[39m[33mdist/umd/index.production.js[39m   â”‚
â”‚   [32m[1mBundle Size: [22m[39m [33m14.55 KB[39m                      â”‚
â”‚   [32m[1mGzipped Size: [22m[39m [33m3.81 KB[39m                      â”‚
â”‚                                               â”‚
â””â”€â”€â”€â”€â”€â”€â”€â”€â”€â”€â”€â”€â”€â”€â”€â”€â”€â”€â”€â”€â”€â”€â”€â”€â”€â”€â”€â”€â”€â”€â”€â”€â”€â”€â”€â”€â”€â”€â”€â”€â”€â”€â”€â”€â”€â”€â”€â”˜
[1m[33m(!) Circular dependencies[39m[22m
src/utils/index.ts -> src/utils/isEven.ts -> src/utils/index.ts
src/utils/index.ts -> src/utils/isHalf.ts -> src/utils/index.ts
src/divide/index.ts -> src/divide/halfAwayFromZero.ts -> src/divide/index.ts
...and 5 more
[32mcreated [1mdist/umd/index.production.js[22m in [1m1.6s[22m[39m
[36m
[1m../../scripts/rollup/cjs.js[22m â†’ [1mdist/cjs/index.js[22m...[39m
â”Œâ”€â”€â”€â”€â”€â”€â”€â”€â”€â”€â”€â”€â”€â”€â”€â”€â”€â”€â”€â”€â”€â”€â”€â”€â”€â”€â”€â”€â”€â”€â”€â”€â”€â”€â”€â”€â”
â”‚                                    â”‚
â”‚   [32m[1mDestination: [22m[39m[33mdist/cjs/index.js[39m   â”‚
â”‚   [32m[1mBundle Size: [22m[39m [33m281 B[39m              â”‚
â”‚   [32m[1mGzipped Size: [22m[39m [33m121 B[39m             â”‚
â”‚                                    â”‚
â””â”€â”€â”€â”€â”€â”€â”€â”€â”€â”€â”€â”€â”€â”€â”€â”€â”€â”€â”€â”€â”€â”€â”€â”€â”€â”€â”€â”€â”€â”€â”€â”€â”€â”€â”€â”€â”˜
[32mcreated [1mdist/cjs/index.js[22m in [1m31ms[22m[39m
[36m
[1msrc/index.ts[22m â†’ [1mdist/cjs/index.development.js[22m...[39m
â”Œâ”€â”€â”€â”€â”€â”€â”€â”€â”€â”€â”€â”€â”€â”€â”€â”€â”€â”€â”€â”€â”€â”€â”€â”€â”€â”€â”€â”€â”€â”€â”€â”€â”€â”€â”€â”€â”€â”€â”€â”€â”€â”€â”€â”€â”€â”€â”€â”€â”
â”‚                                                â”‚
â”‚   [32m[1mDestination: [22m[39m[33mdist/cjs/index.development.js[39m   â”‚
â”‚   [32m[1mBundle Size: [22m[39m [33m45.91 KB[39m                       â”‚
â”‚   [32m[1mGzipped Size: [22m[39m [33m4.25 KB[39m                       â”‚
â”‚                                                â”‚
â””â”€â”€â”€â”€â”€â”€â”€â”€â”€â”€â”€â”€â”€â”€â”€â”€â”€â”€â”€â”€â”€â”€â”€â”€â”€â”€â”€â”€â”€â”€â”€â”€â”€â”€â”€â”€â”€â”€â”€â”€â”€â”€â”€â”€â”€â”€â”€â”€â”˜
[1m[33m(!) Circular dependencies[39m[22m
src/utils/index.ts -> src/utils/isEven.ts -> src/utils/index.ts
src/utils/index.ts -> src/utils/isHalf.ts -> src/utils/index.ts
src/divide/index.ts -> src/divide/halfAwayFromZero.ts -> src/divide/index.ts
...and 5 more
[32mcreated [1mdist/cjs/index.development.js[22m in [1m1.2s[22m[39m
[36m
[1m../../scripts/rollup/cjs.js[22m â†’ [1mdist/cjs/index.js[22m...[39m
â”Œâ”€â”€â”€â”€â”€â”€â”€â”€â”€â”€â”€â”€â”€â”€â”€â”€â”€â”€â”€â”€â”€â”€â”€â”€â”€â”€â”€â”€â”€â”€â”€â”€â”€â”€â”€â”€â”
â”‚                                    â”‚
â”‚   [32m[1mDestination: [22m[39m[33mdist/cjs/index.js[39m   â”‚
â”‚   [32m[1mBundle Size: [22m[39m [33m281 B[39m              â”‚
â”‚   [32m[1mGzipped Size: [22m[39m [33m121 B[39m             â”‚
â”‚                                    â”‚
â””â”€â”€â”€â”€â”€â”€â”€â”€â”€â”€â”€â”€â”€â”€â”€â”€â”€â”€â”€â”€â”€â”€â”€â”€â”€â”€â”€â”€â”€â”€â”€â”€â”€â”€â”€â”€â”˜
[32mcreated [1mdist/cjs/index.js[22m in [1m15ms[22m[39m
[36m
[1msrc/index.ts[22m â†’ [1mdist/cjs/index.production.js[22m...[39m
â”Œâ”€â”€â”€â”€â”€â”€â”€â”€â”€â”€â”€â”€â”€â”€â”€â”€â”€â”€â”€â”€â”€â”€â”€â”€â”€â”€â”€â”€â”€â”€â”€â”€â”€â”€â”€â”€â”€â”€â”€â”€â”€â”€â”€â”€â”€â”€â”€â”
â”‚                                               â”‚
â”‚   [32m[1mDestination: [22m[39m[33mdist/cjs/index.production.js[39m   â”‚
â”‚   [32m[1mBundle Size: [22m[39m [33m14.57 KB[39m                      â”‚
â”‚   [32m[1mGzipped Size: [22m[39m [33m3.78 KB[39m                      â”‚
â”‚                                               â”‚
â””â”€â”€â”€â”€â”€â”€â”€â”€â”€â”€â”€â”€â”€â”€â”€â”€â”€â”€â”€â”€â”€â”€â”€â”€â”€â”€â”€â”€â”€â”€â”€â”€â”€â”€â”€â”€â”€â”€â”€â”€â”€â”€â”€â”€â”€â”€â”€â”˜
[1m[33m(!) Circular dependencies[39m[22m
src/utils/index.ts -> src/utils/isEven.ts -> src/utils/index.ts
src/utils/index.ts -> src/utils/isHalf.ts -> src/utils/index.ts
src/divide/index.ts -> src/divide/halfAwayFromZero.ts -> src/divide/index.ts
...and 5 more
[32mcreated [1mdist/cjs/index.production.js[22m in [1m1.2s[22m[39m
